-------------------------------------------------------------------------------
Test set: spring.oauth2.authoriseserver.oauth2.Oauth2ApplicationTests
-------------------------------------------------------------------------------
Tests run: 1, Failures: 0, Errors: 1, Skipped: 0, Time elapsed: 1.662 s <<< FAILURE! - in spring.oauth2.authoriseserver.oauth2.Oauth2ApplicationTests
contextLoads  Time elapsed: 0.002 s  <<< ERROR!
java.lang.IllegalStateException: Failed to load ApplicationContext
Caused by: org.springframework.beans.factory.BeanCreationException: Error creating bean with name 'springAuthenticationConfig' defined in file [/Users/a6002148/customerGraph/oauth2/target/classes/spring/oauth2/authoriseserver/oauth2/SpringAuthenticationConfig.class]: Bean instantiation via constructor failed; nested exception is org.springframework.beans.BeanInstantiationException: Failed to instantiate [spring.oauth2.authoriseserver.oauth2.SpringAuthenticationConfig$$EnhancerBySpringCGLIB$$9c03b36e]: Constructor threw exception; nested exception is org.springframework.beans.factory.BeanCreationException: Error creating bean with name 'inMemoryUserDetailsManager' defined in class path resource [org/springframework/boot/autoconfigure/security/servlet/UserDetailsServiceAutoConfiguration.class]: Bean instantiation via factory method failed; nested exception is org.springframework.beans.BeanInstantiationException: Failed to instantiate [org.springframework.security.provisioning.InMemoryUserDetailsManager]: Factory method 'inMemoryUserDetailsManager' threw exception; nested exception is org.springframework.beans.factory.BeanCurrentlyInCreationException: Error creating bean with name 'springAuthenticationConfig': Requested bean is currently in creation: Is there an unresolvable circular reference?
Caused by: org.springframework.beans.BeanInstantiationException: Failed to instantiate [spring.oauth2.authoriseserver.oauth2.SpringAuthenticationConfig$$EnhancerBySpringCGLIB$$9c03b36e]: Constructor threw exception; nested exception is org.springframework.beans.factory.BeanCreationException: Error creating bean with name 'inMemoryUserDetailsManager' defined in class path resource [org/springframework/boot/autoconfigure/security/servlet/UserDetailsServiceAutoConfiguration.class]: Bean instantiation via factory method failed; nested exception is org.springframework.beans.BeanInstantiationException: Failed to instantiate [org.springframework.security.provisioning.InMemoryUserDetailsManager]: Factory method 'inMemoryUserDetailsManager' threw exception; nested exception is org.springframework.beans.factory.BeanCurrentlyInCreationException: Error creating bean with name 'springAuthenticationConfig': Requested bean is currently in creation: Is there an unresolvable circular reference?
Caused by: org.springframework.beans.factory.BeanCreationException: Error creating bean with name 'inMemoryUserDetailsManager' defined in class path resource [org/springframework/boot/autoconfigure/security/servlet/UserDetailsServiceAutoConfiguration.class]: Bean instantiation via factory method failed; nested exception is org.springframework.beans.BeanInstantiationException: Failed to instantiate [org.springframework.security.provisioning.InMemoryUserDetailsManager]: Factory method 'inMemoryUserDetailsManager' threw exception; nested exception is org.springframework.beans.factory.BeanCurrentlyInCreationException: Error creating bean with name 'springAuthenticationConfig': Requested bean is currently in creation: Is there an unresolvable circular reference?
Caused by: org.springframework.beans.BeanInstantiationException: Failed to instantiate [org.springframework.security.provisioning.InMemoryUserDetailsManager]: Factory method 'inMemoryUserDetailsManager' threw exception; nested exception is org.springframework.beans.factory.BeanCurrentlyInCreationException: Error creating bean with name 'springAuthenticationConfig': Requested bean is currently in creation: Is there an unresolvable circular reference?
Caused by: org.springframework.beans.factory.BeanCurrentlyInCreationException: Error creating bean with name 'springAuthenticationConfig': Requested bean is currently in creation: Is there an unresolvable circular reference?

